[2025-09-11 16:04:49.508] [org.springframework.boot.StartupInfoLogger:logStarting:55] [INFO] [main] Starting DistributionAdminApplication using Java 1.8.0_391 on XMITDN0503346.local with PID 37840 (/Users/jiawei.gong/Desktop/ximaSSD/purse/target/classes started by jiawei.gong in /Users/jiawei.gong/Desktop/ximaSSD)
[2025-09-11 16:04:59.551] [org.springframework.boot.SpringApplication:logStartupProfileInfo:660] [INFO] [main] No active profile set, falling back to default profiles: default
[2025-09-11 16:05:01.118] [org.springframework.boot.web.embedded.tomcat.TomcatWebServer:initialize:108] [INFO] [main] Tomcat initialized with port(s): 8082 (http)
[2025-09-11 16:05:01.136] [org.apache.juli.logging.DirectJDKLog:log:173] [INFO] [main] Initializing ProtocolHandler ["http-nio-8082"]
[2025-09-11 16:05:01.137] [org.apache.juli.logging.DirectJDKLog:log:173] [INFO] [main] Starting service [Tomcat]
[2025-09-11 16:05:01.138] [org.apache.juli.logging.DirectJDKLog:log:173] [INFO] [main] Starting Servlet engine: [Apache Tomcat/9.0.41]
[2025-09-11 16:05:01.297] [org.apache.juli.logging.DirectJDKLog:log:173] [INFO] [main] Initializing Spring embedded WebApplicationContext
[2025-09-11 16:05:01.301] [org.springframework.boot.web.servlet.context.ServletWebServerApplicationContext:prepareWebApplicationContext:289] [INFO] [main] Root WebApplicationContext: initialization completed in 1664 ms
[2025-09-11 16:05:01.854] [org.apache.juli.logging.DirectJDKLog:log:173] [INFO] [main] Starting ProtocolHandler ["http-nio-8082"]
[2025-09-11 16:05:01.906] [org.springframework.boot.web.embedded.tomcat.TomcatWebServer:start:220] [INFO] [main] Tomcat started on port(s): 8082 (http) with context path ''
[2025-09-11 16:05:01.926] [org.springframework.boot.StartupInfoLogger:logStarted:61] [INFO] [main] Started DistributionAdminApplication in 23.214 seconds (JVM running for 35.378)
[2025-09-11 16:05:01.933] [com.ximalaya.openapi.admin.DistributionAdminApplication:main:42] [INFO] [main] 容器启动成功！
[2025-09-11 16:05:22.854] [org.apache.juli.logging.DirectJDKLog:log:173] [INFO] [http-nio-8082-exec-1] Initializing Spring DispatcherServlet 'dispatcherServlet'
[2025-09-11 16:05:22.856] [org.springframework.web.servlet.FrameworkServlet:initServletBean:525] [INFO] [http-nio-8082-exec-1] Initializing Servlet 'dispatcherServlet'
[2025-09-11 16:05:22.859] [org.springframework.web.servlet.FrameworkServlet:initServletBean:547] [INFO] [http-nio-8082-exec-1] Completed initialization in 3 ms
[2025-09-11 16:05:22.946] [org.springframework.web.servlet.handler.AbstractHandlerExceptionResolver:logException:207] [WARN] [http-nio-8082-exec-1] Resolved [org.springframework.web.bind.MissingServletRequestParameterException: Required String parameter 'name' is not present]
[2025-09-11 16:05:23.140] [org.springframework.web.servlet.DispatcherServlet:noHandlerFound:1271] [WARN] [http-nio-8082-exec-2] No mapping for GET /favicon.ico
[2025-09-11 16:05:38.511] [org.springframework.web.servlet.handler.AbstractHandlerExceptionResolver:logException:207] [WARN] [http-nio-8082-exec-3] Resolved [org.springframework.web.bind.MissingServletRequestParameterException: Required String parameter 'name' is not present]
[2025-09-11 16:11:26.904] [org.springframework.boot.StartupInfoLogger:logStarting:55] [INFO] [main] Starting DistributionAdminApplication using Java 1.8.0_391 on XMITDN0503346.local with PID 38701 (/Users/jiawei.gong/Desktop/ximaSSD/purse/target/classes started by jiawei.gong in /Users/jiawei.gong/Desktop/ximaSSD)
[2025-09-11 16:11:36.942] [org.springframework.boot.SpringApplication:logStartupProfileInfo:660] [INFO] [main] No active profile set, falling back to default profiles: default
[2025-09-11 16:11:38.050] [org.springframework.boot.web.embedded.tomcat.TomcatWebServer:initialize:108] [INFO] [main] Tomcat initialized with port(s): 8082 (http)
[2025-09-11 16:11:38.059] [org.apache.juli.logging.DirectJDKLog:log:173] [INFO] [main] Initializing ProtocolHandler ["http-nio-8082"]
[2025-09-11 16:11:38.059] [org.apache.juli.logging.DirectJDKLog:log:173] [INFO] [main] Starting service [Tomcat]
[2025-09-11 16:11:38.060] [org.apache.juli.logging.DirectJDKLog:log:173] [INFO] [main] Starting Servlet engine: [Apache Tomcat/9.0.41]
[2025-09-11 16:11:38.165] [org.apache.juli.logging.DirectJDKLog:log:173] [INFO] [main] Initializing Spring embedded WebApplicationContext
[2025-09-11 16:11:38.166] [org.springframework.boot.web.servlet.context.ServletWebServerApplicationContext:prepareWebApplicationContext:289] [INFO] [main] Root WebApplicationContext: initialization completed in 1143 ms
[2025-09-11 16:11:38.602] [org.apache.juli.logging.DirectJDKLog:log:173] [INFO] [main] Starting ProtocolHandler ["http-nio-8082"]
[2025-09-11 16:11:38.649] [org.springframework.boot.web.embedded.tomcat.TomcatWebServer:start:220] [INFO] [main] Tomcat started on port(s): 8082 (http) with context path ''
[2025-09-11 16:11:38.670] [org.springframework.boot.StartupInfoLogger:logStarted:61] [INFO] [main] Started DistributionAdminApplication in 22.167 seconds (JVM running for 33.375)
[2025-09-11 16:11:38.677] [com.ximalaya.openapi.admin.DistributionAdminApplication:main:42] [INFO] [main] 容器启动成功！
[2025-09-11 16:11:48.787] [org.apache.juli.logging.DirectJDKLog:log:173] [INFO] [http-nio-8082-exec-1] Initializing Spring DispatcherServlet 'dispatcherServlet'
[2025-09-11 16:11:48.790] [org.springframework.web.servlet.FrameworkServlet:initServletBean:525] [INFO] [http-nio-8082-exec-1] Initializing Servlet 'dispatcherServlet'
[2025-09-11 16:11:48.793] [org.springframework.web.servlet.FrameworkServlet:initServletBean:547] [INFO] [http-nio-8082-exec-1] Completed initialization in 3 ms
[2025-09-11 16:11:48.854] [com.ximalaya.openapi.admin.controller.TestController:hello:21] [INFO] [http-nio-8082-exec-1] 收到 hello 请求, name=lihua
